C:\USERS\JIAWEIWANG\DESKTOP\PROJECT4-RASTERIZER-MASTER\WINDOWS\PROJ4_RASTERIZER\PROJ4_RASTERIZER\RELEASE\UTILITIES.OBJ
C:\USERS\JIAWEIWANG\DESKTOP\PROJECT4-RASTERIZER-MASTER\WINDOWS\PROJ4_RASTERIZER\PROJ4_RASTERIZER\RELEASE\MAIN.OBJ
C:\USERS\JIAWEIWANG\DESKTOP\PROJECT4-RASTERIZER-MASTER\WINDOWS\PROJ4_RASTERIZER\PROJ4_RASTERIZER\RELEASE\OBJLOADER.OBJ
C:\USERS\JIAWEIWANG\DESKTOP\PROJECT4-RASTERIZER-MASTER\WINDOWS\PROJ4_RASTERIZER\PROJ4_RASTERIZER\RELEASE\OBJ.OBJ
C:\USERS\JIAWEIWANG\DESKTOP\PROJECT4-RASTERIZER-MASTER\WINDOWS\PROJ4_RASTERIZER\PROJ4_RASTERIZER\RELEASE\GLSLUTILITY.OBJ
C:\USERS\JIAWEIWANG\DESKTOP\PROJECT4-RASTERIZER-MASTER\WINDOWS\PROJ4_RASTERIZER\PROJ4_RASTERIZER\RELEASE\VC100.PDB
C:\USERS\JIAWEIWANG\DESKTOP\PROJECT4-RASTERIZER-MASTER\WINDOWS\PROJ4_RASTERIZER\RELEASE\WJW_PROJ4_RASTERIZER.EXE
C:\USERS\JIAWEIWANG\DESKTOP\PROJECT4-RASTERIZER-MASTER\WINDOWS\PROJ4_RASTERIZER\PROJ4_RASTERIZER\RELEASE\WJW_PROJ4_RASTERIZER.EXE.INTERMEDIATE.MANIFEST
C:\USERS\JIAWEIWANG\DESKTOP\PROJECT4-RASTERIZER-MASTER\WINDOWS\PROJ4_RASTERIZER\RELEASE\WJW_PROJ4_RASTERIZER.PDB
C:\Users\JiaweiWang\Desktop\Project4-Rasterizer-master\windows\PROJ4_Rasterizer\PROJ4_Rasterizer\Release\rasterizeKernels.cu.cache
C:\Users\JiaweiWang\Desktop\Project4-Rasterizer-master\windows\PROJ4_Rasterizer\PROJ4_Rasterizer\Release\glslUtility.obj
C:\Users\JiaweiWang\Desktop\Project4-Rasterizer-master\windows\PROJ4_Rasterizer\PROJ4_Rasterizer\Release\main.obj
C:\Users\JiaweiWang\Desktop\Project4-Rasterizer-master\windows\PROJ4_Rasterizer\PROJ4_Rasterizer\Release\obj.obj
C:\Users\JiaweiWang\Desktop\Project4-Rasterizer-master\windows\PROJ4_Rasterizer\PROJ4_Rasterizer\Release\objloader.obj
C:\Users\JiaweiWang\Desktop\Project4-Rasterizer-master\windows\PROJ4_Rasterizer\PROJ4_Rasterizer\Release\rasterizeKernels.cu.obj
C:\Users\JiaweiWang\Desktop\Project4-Rasterizer-master\windows\PROJ4_Rasterizer\PROJ4_Rasterizer\Release\utilities.obj
C:\Users\JiaweiWang\Desktop\Project4-Rasterizer-master\windows\PROJ4_Rasterizer\PROJ4_Rasterizer\Release\cl.command.1.tlog
C:\Users\JiaweiWang\Desktop\Project4-Rasterizer-master\windows\PROJ4_Rasterizer\PROJ4_Rasterizer\Release\CL.read.1.tlog
C:\Users\JiaweiWang\Desktop\Project4-Rasterizer-master\windows\PROJ4_Rasterizer\PROJ4_Rasterizer\Release\CL.write.1.tlog
C:\Users\JiaweiWang\Desktop\Project4-Rasterizer-master\windows\PROJ4_Rasterizer\PROJ4_Rasterizer\Release\link.command.1.tlog
C:\Users\JiaweiWang\Desktop\Project4-Rasterizer-master\windows\PROJ4_Rasterizer\PROJ4_Rasterizer\Release\link.read.1.tlog
C:\Users\JiaweiWang\Desktop\Project4-Rasterizer-master\windows\PROJ4_Rasterizer\PROJ4_Rasterizer\Release\link.write.1.tlog
C:\Users\JiaweiWang\Desktop\Project4-Rasterizer-master\windows\PROJ4_Rasterizer\PROJ4_Rasterizer\Release\mt.command.1.tlog
C:\Users\JiaweiWang\Desktop\Project4-Rasterizer-master\windows\PROJ4_Rasterizer\PROJ4_Rasterizer\Release\mt.read.1.tlog
C:\Users\JiaweiWang\Desktop\Project4-Rasterizer-master\windows\PROJ4_Rasterizer\PROJ4_Rasterizer\Release\mt.write.1.tlog
C:\Users\JiaweiWang\Desktop\Project4-Rasterizer-master\windows\PROJ4_Rasterizer\PROJ4_Rasterizer\Release\wjw_PROJ4_Rasterizer.exe.intermediate.manifest
C:\Users\JiaweiWang\Desktop\Project4-Rasterizer-master\windows\PROJ4_Rasterizer\PROJ4_Rasterizer\Release\vc100.pdb
C:\Users\JiaweiWang\Desktop\Project4-Rasterizer-master\windows\PROJ4_Rasterizer\Release\wjw_PROJ4_Rasterizer.pdb
C:\Users\JiaweiWang\Desktop\Project4-Rasterizer-master\windows\PROJ4_Rasterizer\Release\wjw_PROJ4_Rasterizer.exe
