C:\USERS\JIAWEIWANG\DESKTOP\PROJECT4-RASTERIZER-MASTER\WINDOWS\PROJ4_RASTERIZER\PROJ4_RASTERIZER\DEBUG\GLSLUTILITY.OBJ
C:\USERS\JIAWEIWANG\DESKTOP\PROJECT4-RASTERIZER-MASTER\WINDOWS\PROJ4_RASTERIZER\PROJ4_RASTERIZER\DEBUG\OBJ.OBJ
C:\USERS\JIAWEIWANG\DESKTOP\PROJECT4-RASTERIZER-MASTER\WINDOWS\PROJ4_RASTERIZER\PROJ4_RASTERIZER\DEBUG\OBJLOADER.OBJ
C:\USERS\JIAWEIWANG\DESKTOP\PROJECT4-RASTERIZER-MASTER\WINDOWS\PROJ4_RASTERIZER\PROJ4_RASTERIZER\DEBUG\MAIN.OBJ
C:\USERS\JIAWEIWANG\DESKTOP\PROJECT4-RASTERIZER-MASTER\WINDOWS\PROJ4_RASTERIZER\PROJ4_RASTERIZER\DEBUG\UTILITIES.OBJ
C:\USERS\JIAWEIWANG\DESKTOP\PROJECT4-RASTERIZER-MASTER\WINDOWS\PROJ4_RASTERIZER\PROJ4_RASTERIZER\DEBUG\VC100.PDB
C:\USERS\JIAWEIWANG\DESKTOP\PROJECT4-RASTERIZER-MASTER\WINDOWS\PROJ4_RASTERIZER\DEBUG\WJW_PROJ4_RASTERIZER.ILK
C:\USERS\JIAWEIWANG\DESKTOP\PROJECT4-RASTERIZER-MASTER\WINDOWS\PROJ4_RASTERIZER\DEBUG\WJW_PROJ4_RASTERIZER.EXE
C:\USERS\JIAWEIWANG\DESKTOP\PROJECT4-RASTERIZER-MASTER\WINDOWS\PROJ4_RASTERIZER\PROJ4_RASTERIZER\DEBUG\WJW_PROJ4_RASTERIZER.EXE.INTERMEDIATE.MANIFEST
C:\USERS\JIAWEIWANG\DESKTOP\PROJECT4-RASTERIZER-MASTER\WINDOWS\PROJ4_RASTERIZER\DEBUG\WJW_PROJ4_RASTERIZER.PDB
C:\Users\JiaweiWang\Desktop\Project4-Rasterizer-master\windows\PROJ4_Rasterizer\PROJ4_Rasterizer\Debug\rasterizeKernels.cu.cache
C:\Users\JiaweiWang\Desktop\Project4-Rasterizer-master\windows\PROJ4_Rasterizer\PROJ4_Rasterizer\Debug\glslUtility.obj
C:\Users\JiaweiWang\Desktop\Project4-Rasterizer-master\windows\PROJ4_Rasterizer\PROJ4_Rasterizer\Debug\main.obj
C:\Users\JiaweiWang\Desktop\Project4-Rasterizer-master\windows\PROJ4_Rasterizer\PROJ4_Rasterizer\Debug\obj.obj
C:\Users\JiaweiWang\Desktop\Project4-Rasterizer-master\windows\PROJ4_Rasterizer\PROJ4_Rasterizer\Debug\objloader.obj
C:\Users\JiaweiWang\Desktop\Project4-Rasterizer-master\windows\PROJ4_Rasterizer\PROJ4_Rasterizer\Debug\rasterizeKernels.cu.obj
C:\Users\JiaweiWang\Desktop\Project4-Rasterizer-master\windows\PROJ4_Rasterizer\PROJ4_Rasterizer\Debug\utilities.obj
C:\Users\JiaweiWang\Desktop\Project4-Rasterizer-master\windows\PROJ4_Rasterizer\PROJ4_Rasterizer\Debug\cl.command.1.tlog
C:\Users\JiaweiWang\Desktop\Project4-Rasterizer-master\windows\PROJ4_Rasterizer\PROJ4_Rasterizer\Debug\CL.read.1.tlog
C:\Users\JiaweiWang\Desktop\Project4-Rasterizer-master\windows\PROJ4_Rasterizer\PROJ4_Rasterizer\Debug\CL.write.1.tlog
C:\Users\JiaweiWang\Desktop\Project4-Rasterizer-master\windows\PROJ4_Rasterizer\PROJ4_Rasterizer\Debug\link.command.1.tlog
C:\Users\JiaweiWang\Desktop\Project4-Rasterizer-master\windows\PROJ4_Rasterizer\PROJ4_Rasterizer\Debug\link.read.1.tlog
C:\Users\JiaweiWang\Desktop\Project4-Rasterizer-master\windows\PROJ4_Rasterizer\PROJ4_Rasterizer\Debug\link.write.1.tlog
C:\Users\JiaweiWang\Desktop\Project4-Rasterizer-master\windows\PROJ4_Rasterizer\PROJ4_Rasterizer\Debug\mt.command.1.tlog
C:\Users\JiaweiWang\Desktop\Project4-Rasterizer-master\windows\PROJ4_Rasterizer\PROJ4_Rasterizer\Debug\mt.read.1.tlog
C:\Users\JiaweiWang\Desktop\Project4-Rasterizer-master\windows\PROJ4_Rasterizer\PROJ4_Rasterizer\Debug\mt.write.1.tlog
C:\Users\JiaweiWang\Desktop\Project4-Rasterizer-master\windows\PROJ4_Rasterizer\PROJ4_Rasterizer\Debug\wjw_PROJ4_Rasterizer.exe.intermediate.manifest
C:\Users\JiaweiWang\Desktop\Project4-Rasterizer-master\windows\PROJ4_Rasterizer\PROJ4_Rasterizer\Debug\vc100.idb
C:\Users\JiaweiWang\Desktop\Project4-Rasterizer-master\windows\PROJ4_Rasterizer\PROJ4_Rasterizer\Debug\vc100.pdb
C:\Users\JiaweiWang\Desktop\Project4-Rasterizer-master\windows\PROJ4_Rasterizer\Debug\wjw_PROJ4_Rasterizer.pdb
C:\Users\JiaweiWang\Desktop\Project4-Rasterizer-master\windows\PROJ4_Rasterizer\Debug\wjw_PROJ4_Rasterizer.exe
C:\Users\JiaweiWang\Desktop\Project4-Rasterizer-master\windows\PROJ4_Rasterizer\Debug\wjw_PROJ4_Rasterizer.ilk
